<?xml version="1.0" encoding="UTF-8"?>
<testng-results ignored="0" total="1" passed="1" failed="0" skipped="0">
  <reporter-output>
  </reporter-output>
  <suite started-at="2023-08-10T08:17:00 IST" name="Default suite" finished-at="2023-08-10T08:17:08 IST" duration-ms="7845">
    <groups>
    </groups>
    <test started-at="2023-08-10T08:17:00 IST" name="Default test" finished-at="2023-08-10T08:17:08 IST" duration-ms="7845">
      <class name="com.auto.www.TakeScreenshortDemo">
        <test-method is-config="true" signature="launchBrowser()[pri:0, instance:com.auto.www.TakeScreenshortDemo@1807e3f6]" started-at="2023-08-10T08:17:00 IST" name="launchBrowser" finished-at="2023-08-10T08:17:07 IST" duration-ms="7248" status="PASS">
          <reporter-output>
          </reporter-output>
        </test-method> <!-- launchBrowser -->
        <test-method signature="getScreenShortDemo()[pri:0, instance:com.auto.www.TakeScreenshortDemo@1807e3f6]" started-at="2023-08-10T08:17:07 IST" name="getScreenShortDemo" finished-at="2023-08-10T08:17:08 IST" duration-ms="249" status="PASS">
          <reporter-output>
          </reporter-output>
        </test-method> <!-- getScreenShortDemo -->
        <test-method is-config="true" signature="tearDown()[pri:0, instance:com.auto.www.TakeScreenshortDemo@1807e3f6]" started-at="2023-08-10T08:17:08 IST" name="tearDown" finished-at="2023-08-10T08:17:08 IST" duration-ms="224" status="PASS">
          <reporter-output>
          </reporter-output>
        </test-method> <!-- tearDown -->
      </class> <!-- com.auto.www.TakeScreenshortDemo -->
    </test> <!-- Default test -->
  </suite> <!-- Default suite -->
</testng-results>
